17-05-2024 12:26:58	This log contains information about the import schema operation into project 'SrilekhaAdventure' on computer 'SNP-HYD-LPT-054' by user 'SrilekhaBandlamudi'.
17-05-2024 12:26:58	Import of database schema has started.
17-05-2024 12:27:19	Gathering logins
17-05-2024 12:27:21	Gathering database credentials
17-05-2024 12:27:21	Gathering database options
17-05-2024 12:27:21	Gathering generic database scoped configuration option
17-05-2024 12:27:21	Gathering users
17-05-2024 12:27:21	Gathering roles
17-05-2024 12:27:21	Gathering application roles
17-05-2024 12:27:21	Gathering role memberships
17-05-2024 12:27:21	Gathering filegroups
17-05-2024 12:27:21	Gathering full-text catalogs
17-05-2024 12:27:21	Gathering assemblies
17-05-2024 12:27:21	Gathering certificates
17-05-2024 12:27:21	Gathering symmetric keys
17-05-2024 12:27:21	Gathering encrypted symmetric keys
17-05-2024 12:27:21	Gathering schemas
17-05-2024 12:27:21	Gathering XML schema collections
17-05-2024 12:27:21	Gathering user-defined data types
17-05-2024 12:27:21	Gathering user-defined types
17-05-2024 12:27:21	Gathering table types
17-05-2024 12:27:21	Gathering unique keys for table types
17-05-2024 12:27:21	Gathering primary keys for table types
17-05-2024 12:27:21	Gathering indexes for table types
17-05-2024 12:27:21	Gathering check constraints for table types
17-05-2024 12:27:21	Gathering default constraints for table types
17-05-2024 12:27:21	Gathering partition functions
17-05-2024 12:27:21	Gathering partition schemes
17-05-2024 12:27:21	Gathering functions
17-05-2024 12:27:21	Gathering encrypted functions
17-05-2024 12:27:21	Gathering aggregates
17-05-2024 12:27:21	Gathering procedures
17-05-2024 12:27:21	Gathering encrypted procedures
17-05-2024 12:27:22	Gathering tables
17-05-2024 12:27:22	Gathering primary keys
17-05-2024 12:27:22	Gathering unique constraints
17-05-2024 12:27:22	Gathering foreign keys
17-05-2024 12:27:22	Gathering default constraints
17-05-2024 12:27:22	Gathering check constraints
17-05-2024 12:27:22	Gathering views
17-05-2024 12:27:22	Gathering encrypted views
17-05-2024 12:27:22	Gathering indexes
17-05-2024 12:27:22	Gathering statistics
17-05-2024 12:27:22	Gathering full-text index stoplists
17-05-2024 12:27:22	Gathering search property lists
17-05-2024 12:27:22	Gathering search properties
17-05-2024 12:27:22	Gathering full-text indexes
17-05-2024 12:27:22	Gathering column store indexes
17-05-2024 12:27:22	Gathering spatial indexes
17-05-2024 12:27:22	Gathering XML indexes
17-05-2024 12:27:23	Gathering Selective XML indexes
17-05-2024 12:27:23	Gathering encrypted triggers
17-05-2024 12:27:23	Gathering triggers
17-05-2024 12:27:23	Gathering encrypted and clr ddl triggers
17-05-2024 12:27:23	Gathering ddl triggers
17-05-2024 12:27:23	Creating edge constraints
17-05-2024 12:27:23	Gathering synonyms
17-05-2024 12:27:23	Gathering defaults
17-05-2024 12:27:23	Gathering data constraint uddt bindings
17-05-2024 12:27:23	Gathering rules
17-05-2024 12:27:23	Gathering data constraint uddt bindings
17-05-2024 12:27:23	Gathering message types
17-05-2024 12:27:23	Gathering queues
17-05-2024 12:27:23	Gathering contracts
17-05-2024 12:27:23	Gathering services
17-05-2024 12:27:23	Gathering event notifications
17-05-2024 12:27:23	Gathering remote service bindings
17-05-2024 12:27:23	Gathering broker priorities
17-05-2024 12:27:23	Gathering signatures
17-05-2024 12:27:23	Gathering data compression options
17-05-2024 12:27:23	Gathering sequence types
17-05-2024 12:27:23	Gathering security policies
17-05-2024 12:27:23	Gather column encryption keys
17-05-2024 12:27:23	Gathering column master keys
17-05-2024 12:27:23	Gathering external data sources
17-05-2024 12:27:23	Gathering external tables
17-05-2024 12:27:23	Gathering extended properties
17-05-2024 12:27:31	Gathering logins
17-05-2024 12:27:34	Scanning project for duplicate elements
17-05-2024 12:27:34	Finished duplicate element processing
17-05-2024 12:27:35	Finished importing database.
17-05-2024 12:27:35	A summary of the import was saved to the following location: C:\Users\SrilekhaBandlamudi\source\repos\SrilekhaAdventure\SrilekhaAdventure\Import Schema Logs\SrilekhaAdventure_20240517065658.log
17-05-2024 12:27:35	Click Finish to continue...
